03-Feb-2021 12:06:45.725 SEVERE [main] jdk.internal.reflect.NativeMethodAccessorImpl.invoke Failed to initialize component [Connector[HTTP/1.1-8080]]
	org.apache.catalina.LifecycleException: Protocol handler initialization failed
		at org.apache.catalina.connector.Connector.initInternal(Connector.java:1042)
		at org.apache.catalina.util.LifecycleBase.init(LifecycleBase.java:136)
		at org.apache.catalina.core.StandardService.initInternal(StandardService.java:533)
		at org.apache.catalina.util.LifecycleBase.init(LifecycleBase.java:136)
		at org.apache.catalina.core.StandardServer.initInternal(StandardServer.java:1057)
		at org.apache.catalina.util.LifecycleBase.init(LifecycleBase.java:136)
		at org.apache.catalina.startup.Catalina.load(Catalina.java:690)
		at org.apache.catalina.startup.Catalina.load(Catalina.java:712)
		at java.base/jdk.internal.reflect.NativeMethodAccessorImpl.invoke0(Native Method)
		at java.base/jdk.internal.reflect.NativeMethodAccessorImpl.invoke(NativeMethodAccessorImpl.java:64)
		at java.base/jdk.internal.reflect.DelegatingMethodAccessorImpl.invoke(DelegatingMethodAccessorImpl.java:43)
		at java.base/java.lang.reflect.Method.invoke(Method.java:564)
		at org.apache.catalina.startup.Bootstrap.load(Bootstrap.java:302)
		at org.apache.catalina.startup.Bootstrap.main(Bootstrap.java:472)
	Caused by: java.net.BindException: Address already in use
		at java.base/sun.nio.ch.Net.bind0(Native Method)
		at java.base/sun.nio.ch.Net.bind(Net.java:550)
		at java.base/sun.nio.ch.ServerSocketChannelImpl.bind(ServerSocketChannelImpl.java:249)
		at java.base/sun.nio.ch.ServerSocketAdaptor.bind(ServerSocketAdaptor.java:88)
		at org.apache.tomcat.util.net.NioEndpoint.initServerSocket(NioEndpoint.java:228)
		at org.apache.tomcat.util.net.NioEndpoint.bind(NioEndpoint.java:211)
		at org.apache.tomcat.util.net.AbstractEndpoint.bindWithCleanup(AbstractEndpoint.java:1141)
		at org.apache.tomcat.util.net.AbstractEndpoint.init(AbstractEndpoint.java:1154)
		at org.apache.coyote.AbstractProtocol.init(AbstractProtocol.java:581)
		at org.apache.coyote.http11.AbstractHttp11Protocol.init(AbstractHttp11Protocol.java:74)
		at org.apache.catalina.connector.Connector.initInternal(Connector.java:1039)
		... 13 more
03-Feb-2021 12:07:02.591 SEVERE [main] jdk.internal.reflect.NativeMethodAccessorImpl.invoke Failed to create server shutdown socket on address [localhost] and port [8005] (base port [8005] and offset [0])
	java.net.BindException: Address already in use
		at java.base/sun.nio.ch.Net.bind0(Native Method)
		at java.base/sun.nio.ch.Net.bind(Net.java:550)
		at java.base/sun.nio.ch.Net.bind(Net.java:539)
		at java.base/sun.nio.ch.NioSocketImpl.bind(NioSocketImpl.java:643)
		at java.base/java.net.ServerSocket.bind(ServerSocket.java:396)
		at java.base/java.net.ServerSocket.<init>(ServerSocket.java:282)
		at org.apache.catalina.core.StandardServer.await(StandardServer.java:584)
		at org.apache.catalina.startup.Catalina.await(Catalina.java:825)
		at org.apache.catalina.startup.Catalina.start(Catalina.java:771)
		at java.base/jdk.internal.reflect.NativeMethodAccessorImpl.invoke0(Native Method)
		at java.base/jdk.internal.reflect.NativeMethodAccessorImpl.invoke(NativeMethodAccessorImpl.java:64)
		at java.base/jdk.internal.reflect.DelegatingMethodAccessorImpl.invoke(DelegatingMethodAccessorImpl.java:43)
		at java.base/java.lang.reflect.Method.invoke(Method.java:564)
		at org.apache.catalina.startup.Bootstrap.start(Bootstrap.java:342)
		at org.apache.catalina.startup.Bootstrap.main(Bootstrap.java:473)
03-Feb-2021 12:07:02.613 WARNING [main] com.sun.faces.config.ConfigureListener.contextDestroyed Unexpected state during contextDestroyed: no ConfigManager instance in current ServletContext but one is expected to exist.
03-Feb-2021 12:07:02.737 WARNING [main] org.apache.catalina.loader.WebappClassLoaderBase.clearReferencesJdbc The web application [CLupWAR] registered the JDBC driver [org.mariadb.jdbc.Driver] but failed to unregister it when the web application was stopped. To prevent a memory leak, the JDBC Driver has been forcibly unregistered.
03-Feb-2021 12:08:58.809 SEVERE [main] jdk.internal.reflect.NativeMethodAccessorImpl.invoke Failed to initialize component [Connector[HTTP/1.1-8080]]
	org.apache.catalina.LifecycleException: Protocol handler initialization failed
		at org.apache.catalina.connector.Connector.initInternal(Connector.java:1042)
		at org.apache.catalina.util.LifecycleBase.init(LifecycleBase.java:136)
		at org.apache.catalina.core.StandardService.initInternal(StandardService.java:533)
		at org.apache.catalina.util.LifecycleBase.init(LifecycleBase.java:136)
		at org.apache.catalina.core.StandardServer.initInternal(StandardServer.java:1057)
		at org.apache.catalina.util.LifecycleBase.init(LifecycleBase.java:136)
		at org.apache.catalina.startup.Catalina.load(Catalina.java:690)
		at org.apache.catalina.startup.Catalina.load(Catalina.java:712)
		at java.base/jdk.internal.reflect.NativeMethodAccessorImpl.invoke0(Native Method)
		at java.base/jdk.internal.reflect.NativeMethodAccessorImpl.invoke(NativeMethodAccessorImpl.java:64)
		at java.base/jdk.internal.reflect.DelegatingMethodAccessorImpl.invoke(DelegatingMethodAccessorImpl.java:43)
		at java.base/java.lang.reflect.Method.invoke(Method.java:564)
		at org.apache.catalina.startup.Bootstrap.load(Bootstrap.java:302)
		at org.apache.catalina.startup.Bootstrap.main(Bootstrap.java:472)
	Caused by: java.net.BindException: Address already in use
		at java.base/sun.nio.ch.Net.bind0(Native Method)
		at java.base/sun.nio.ch.Net.bind(Net.java:550)
		at java.base/sun.nio.ch.ServerSocketChannelImpl.bind(ServerSocketChannelImpl.java:249)
		at java.base/sun.nio.ch.ServerSocketAdaptor.bind(ServerSocketAdaptor.java:88)
		at org.apache.tomcat.util.net.NioEndpoint.initServerSocket(NioEndpoint.java:228)
		at org.apache.tomcat.util.net.NioEndpoint.bind(NioEndpoint.java:211)
		at org.apache.tomcat.util.net.AbstractEndpoint.bindWithCleanup(AbstractEndpoint.java:1141)
		at org.apache.tomcat.util.net.AbstractEndpoint.init(AbstractEndpoint.java:1154)
		at org.apache.coyote.AbstractProtocol.init(AbstractProtocol.java:581)
		at org.apache.coyote.http11.AbstractHttp11Protocol.init(AbstractHttp11Protocol.java:74)
		at org.apache.catalina.connector.Connector.initInternal(Connector.java:1039)
		... 13 more
03-Feb-2021 12:22:16.166 WARNING [Catalina-utility-1] com.sun.faces.config.ConfigureListener.contextDestroyed Unexpected state during contextDestroyed: no ConfigManager instance in current ServletContext but one is expected to exist.
03-Feb-2021 12:22:16.433 WARNING [Catalina-utility-1] org.apache.catalina.loader.WebappClassLoaderBase.clearReferencesJdbc The web application [CLupWAR] registered the JDBC driver [org.mariadb.jdbc.Driver] but failed to unregister it when the web application was stopped. To prevent a memory leak, the JDBC Driver has been forcibly unregistered.
03-Feb-2021 12:22:18.936 WARNING [Catalina-utility-2] com.sun.faces.config.ConfigureListener.contextDestroyed Unexpected state during contextDestroyed: no ConfigManager instance in current ServletContext but one is expected to exist.
03-Feb-2021 12:22:19.262 WARNING [Catalina-utility-2] org.apache.catalina.loader.WebappClassLoaderBase.clearReferencesJdbc The web application [CLupWAR] registered the JDBC driver [org.mariadb.jdbc.Driver] but failed to unregister it when the web application was stopped. To prevent a memory leak, the JDBC Driver has been forcibly unregistered.
03-Feb-2021 12:23:10.782 WARNING [http-nio-8080-exec-8] org.apache.cxf.phase.PhaseInterceptorChain.doDefaultLogging Application BookingInt has thrown exception, unwinding now
	org.apache.cxf.interceptor.Fault: class org.json.JSONArray cannot be cast to class java.util.ArrayList (org.json.JSONArray is in unnamed module of loader org.apache.tomee.catalina.TomEEWebappClassLoader @5ed60c48; java.util.ArrayList is in module java.base of loader 'bootstrap')
		at org.apache.cxf.service.invoker.AbstractInvoker.createFault(AbstractInvoker.java:162)
		at org.apache.cxf.service.invoker.AbstractInvoker.invoke(AbstractInvoker.java:128)
		at org.apache.cxf.jaxrs.JAXRSInvoker.invoke(JAXRSInvoker.java:201)
		at org.apache.cxf.jaxrs.JAXRSInvoker.invoke(JAXRSInvoker.java:104)
		at org.apache.openejb.server.cxf.rs.AutoJAXRSInvoker.invoke(AutoJAXRSInvoker.java:68)
		at org.apache.cxf.interceptor.ServiceInvokerInterceptor$1.run(ServiceInvokerInterceptor.java:59)
		at org.apache.cxf.interceptor.ServiceInvokerInterceptor.handleMessage(ServiceInvokerInterceptor.java:96)
		at org.apache.cxf.phase.PhaseInterceptorChain.doIntercept(PhaseInterceptorChain.java:308)
		at org.apache.cxf.transport.ChainInitiationObserver.onMessage(ChainInitiationObserver.java:121)
		at org.apache.cxf.transport.http.AbstractHTTPDestination.invoke(AbstractHTTPDestination.java:267)
		at org.apache.openejb.server.cxf.rs.CxfRsHttpListener.doInvoke(CxfRsHttpListener.java:262)
		at org.apache.tomee.webservices.CXFJAXRSFilter.doFilter(CXFJAXRSFilter.java:99)
		at org.apache.catalina.core.ApplicationFilterChain.internalDoFilter(ApplicationFilterChain.java:193)
		at org.apache.catalina.core.ApplicationFilterChain.doFilter(ApplicationFilterChain.java:166)
		at org.apache.tomcat.websocket.server.WsFilter.doFilter(WsFilter.java:53)
		at org.apache.catalina.core.ApplicationFilterChain.internalDoFilter(ApplicationFilterChain.java:193)
		at org.apache.catalina.core.ApplicationFilterChain.doFilter(ApplicationFilterChain.java:166)
		at org.apache.openejb.server.httpd.EEFilter.doFilter(EEFilter.java:65)
		at org.apache.catalina.core.ApplicationFilterChain.internalDoFilter(ApplicationFilterChain.java:193)
		at org.apache.catalina.core.ApplicationFilterChain.doFilter(ApplicationFilterChain.java:166)
		at org.apache.catalina.core.StandardWrapperValve.invoke(StandardWrapperValve.java:202)
		at org.apache.catalina.core.StandardContextValve.invoke(StandardContextValve.java:96)
		at org.apache.tomee.catalina.OpenEJBValve.invoke(OpenEJBValve.java:45)
		at org.apache.catalina.authenticator.AuthenticatorBase.invoke(AuthenticatorBase.java:541)
		at org.apache.catalina.core.StandardHostValve.invoke(StandardHostValve.java:139)
		at org.apache.catalina.valves.ErrorReportValve.invoke(ErrorReportValve.java:92)
		at org.apache.tomee.catalina.OpenEJBSecurityListener$RequestCapturer.invoke(OpenEJBSecurityListener.java:97)
		at org.apache.catalina.valves.AbstractAccessLogValve.invoke(AbstractAccessLogValve.java:690)
		at org.apache.catalina.core.StandardEngineValve.invoke(StandardEngineValve.java:74)
		at org.apache.catalina.connector.CoyoteAdapter.service(CoyoteAdapter.java:343)
		at org.apache.coyote.http11.Http11Processor.service(Http11Processor.java:373)
		at org.apache.coyote.AbstractProcessorLight.process(AbstractProcessorLight.java:65)
		at org.apache.coyote.AbstractProtocol$ConnectionHandler.process(AbstractProtocol.java:868)
		at org.apache.tomcat.util.net.NioEndpoint$SocketProcessor.doRun(NioEndpoint.java:1589)
		at org.apache.tomcat.util.net.SocketProcessorBase.run(SocketProcessorBase.java:49)
		at java.base/java.util.concurrent.ThreadPoolExecutor.runWorker(ThreadPoolExecutor.java:1130)
		at java.base/java.util.concurrent.ThreadPoolExecutor$Worker.run(ThreadPoolExecutor.java:630)
		at org.apache.tomcat.util.threads.TaskThread$WrappingRunnable.run(TaskThread.java:61)
		at java.base/java.lang.Thread.run(Thread.java:832)
	Caused by: java.lang.ClassCastException: class org.json.JSONArray cannot be cast to class java.util.ArrayList (org.json.JSONArray is in unnamed module of loader org.apache.tomee.catalina.TomEEWebappClassLoader @5ed60c48; java.util.ArrayList is in module java.base of loader 'bootstrap')
		at BookingInt.lineup(BookingInt.java:27)
		at java.base/jdk.internal.reflect.NativeMethodAccessorImpl.invoke0(Native Method)
		at java.base/jdk.internal.reflect.NativeMethodAccessorImpl.invoke(NativeMethodAccessorImpl.java:64)
		at java.base/jdk.internal.reflect.DelegatingMethodAccessorImpl.invoke(DelegatingMethodAccessorImpl.java:43)
		at java.base/java.lang.reflect.Method.invoke(Method.java:564)
		at org.apache.openejb.server.cxf.rs.PojoInvoker.performInvocation(PojoInvoker.java:43)
		at org.apache.cxf.service.invoker.AbstractInvoker.invoke(AbstractInvoker.java:96)
		... 37 more
03-Feb-2021 12:23:10.783 WARNING [http-nio-8080-exec-8] org.apache.cxf.phase.PhaseInterceptorChain.unwind Exception in handleFault on interceptor org.apache.cxf.jaxrs.interceptor.JAXRSDefaultFaultOutInterceptor@4b745521
	org.apache.cxf.interceptor.Fault: class org.json.JSONArray cannot be cast to class java.util.ArrayList (org.json.JSONArray is in unnamed module of loader org.apache.tomee.catalina.TomEEWebappClassLoader @5ed60c48; java.util.ArrayList is in module java.base of loader 'bootstrap')
		at org.apache.cxf.service.invoker.AbstractInvoker.createFault(AbstractInvoker.java:162)
		at org.apache.cxf.service.invoker.AbstractInvoker.invoke(AbstractInvoker.java:128)
		at org.apache.cxf.jaxrs.JAXRSInvoker.invoke(JAXRSInvoker.java:201)
		at org.apache.cxf.jaxrs.JAXRSInvoker.invoke(JAXRSInvoker.java:104)
		at org.apache.openejb.server.cxf.rs.AutoJAXRSInvoker.invoke(AutoJAXRSInvoker.java:68)
		at org.apache.cxf.interceptor.ServiceInvokerInterceptor$1.run(ServiceInvokerInterceptor.java:59)
		at org.apache.cxf.interceptor.ServiceInvokerInterceptor.handleMessage(ServiceInvokerInterceptor.java:96)
		at org.apache.cxf.phase.PhaseInterceptorChain.doIntercept(PhaseInterceptorChain.java:308)
		at org.apache.cxf.transport.ChainInitiationObserver.onMessage(ChainInitiationObserver.java:121)
		at org.apache.cxf.transport.http.AbstractHTTPDestination.invoke(AbstractHTTPDestination.java:267)
		at org.apache.openejb.server.cxf.rs.CxfRsHttpListener.doInvoke(CxfRsHttpListener.java:262)
		at org.apache.tomee.webservices.CXFJAXRSFilter.doFilter(CXFJAXRSFilter.java:99)
		at org.apache.catalina.core.ApplicationFilterChain.internalDoFilter(ApplicationFilterChain.java:193)
		at org.apache.catalina.core.ApplicationFilterChain.doFilter(ApplicationFilterChain.java:166)
		at org.apache.tomcat.websocket.server.WsFilter.doFilter(WsFilter.java:53)
		at org.apache.catalina.core.ApplicationFilterChain.internalDoFilter(ApplicationFilterChain.java:193)
		at org.apache.catalina.core.ApplicationFilterChain.doFilter(ApplicationFilterChain.java:166)
		at org.apache.openejb.server.httpd.EEFilter.doFilter(EEFilter.java:65)
		at org.apache.catalina.core.ApplicationFilterChain.internalDoFilter(ApplicationFilterChain.java:193)
		at org.apache.catalina.core.ApplicationFilterChain.doFilter(ApplicationFilterChain.java:166)
		at org.apache.catalina.core.StandardWrapperValve.invoke(StandardWrapperValve.java:202)
		at org.apache.catalina.core.StandardContextValve.invoke(StandardContextValve.java:96)
		at org.apache.tomee.catalina.OpenEJBValve.invoke(OpenEJBValve.java:45)
		at org.apache.catalina.authenticator.AuthenticatorBase.invoke(AuthenticatorBase.java:541)
		at org.apache.catalina.core.StandardHostValve.invoke(StandardHostValve.java:139)
		at org.apache.catalina.valves.ErrorReportValve.invoke(ErrorReportValve.java:92)
		at org.apache.tomee.catalina.OpenEJBSecurityListener$RequestCapturer.invoke(OpenEJBSecurityListener.java:97)
		at org.apache.catalina.valves.AbstractAccessLogValve.invoke(AbstractAccessLogValve.java:690)
		at org.apache.catalina.core.StandardEngineValve.invoke(StandardEngineValve.java:74)
		at org.apache.catalina.connector.CoyoteAdapter.service(CoyoteAdapter.java:343)
		at org.apache.coyote.http11.Http11Processor.service(Http11Processor.java:373)
		at org.apache.coyote.AbstractProcessorLight.process(AbstractProcessorLight.java:65)
		at org.apache.coyote.AbstractProtocol$ConnectionHandler.process(AbstractProtocol.java:868)
		at org.apache.tomcat.util.net.NioEndpoint$SocketProcessor.doRun(NioEndpoint.java:1589)
		at org.apache.tomcat.util.net.SocketProcessorBase.run(SocketProcessorBase.java:49)
		at java.base/java.util.concurrent.ThreadPoolExecutor.runWorker(ThreadPoolExecutor.java:1130)
		at java.base/java.util.concurrent.ThreadPoolExecutor$Worker.run(ThreadPoolExecutor.java:630)
		at org.apache.tomcat.util.threads.TaskThread$WrappingRunnable.run(TaskThread.java:61)
		at java.base/java.lang.Thread.run(Thread.java:832)
	Caused by: java.lang.ClassCastException: class org.json.JSONArray cannot be cast to class java.util.ArrayList (org.json.JSONArray is in unnamed module of loader org.apache.tomee.catalina.TomEEWebappClassLoader @5ed60c48; java.util.ArrayList is in module java.base of loader 'bootstrap')
		at BookingInt.lineup(BookingInt.java:27)
		at java.base/jdk.internal.reflect.NativeMethodAccessorImpl.invoke0(Native Method)
		at java.base/jdk.internal.reflect.NativeMethodAccessorImpl.invoke(NativeMethodAccessorImpl.java:64)
		at java.base/jdk.internal.reflect.DelegatingMethodAccessorImpl.invoke(DelegatingMethodAccessorImpl.java:43)
		at java.base/java.lang.reflect.Method.invoke(Method.java:564)
		at org.apache.openejb.server.cxf.rs.PojoInvoker.performInvocation(PojoInvoker.java:43)
		at org.apache.cxf.service.invoker.AbstractInvoker.invoke(AbstractInvoker.java:96)
		... 37 more
03-Feb-2021 12:23:10.783 SEVERE [http-nio-8080-exec-8] org.apache.cxf.interceptor.AbstractFaultChainInitiatorObserver.onMessage An unexpected error occurred during error handling. No further error processing will occur.
	org.apache.cxf.interceptor.Fault: class org.json.JSONArray cannot be cast to class java.util.ArrayList (org.json.JSONArray is in unnamed module of loader org.apache.tomee.catalina.TomEEWebappClassLoader @5ed60c48; java.util.ArrayList is in module java.base of loader 'bootstrap')
		at org.apache.cxf.service.invoker.AbstractInvoker.createFault(AbstractInvoker.java:162)
		at org.apache.cxf.service.invoker.AbstractInvoker.invoke(AbstractInvoker.java:128)
		at org.apache.cxf.jaxrs.JAXRSInvoker.invoke(JAXRSInvoker.java:201)
		at org.apache.cxf.jaxrs.JAXRSInvoker.invoke(JAXRSInvoker.java:104)
		at org.apache.openejb.server.cxf.rs.AutoJAXRSInvoker.invoke(AutoJAXRSInvoker.java:68)
		at org.apache.cxf.interceptor.ServiceInvokerInterceptor$1.run(ServiceInvokerInterceptor.java:59)
		at org.apache.cxf.interceptor.ServiceInvokerInterceptor.handleMessage(ServiceInvokerInterceptor.java:96)
		at org.apache.cxf.phase.PhaseInterceptorChain.doIntercept(PhaseInterceptorChain.java:308)
		at org.apache.cxf.transport.ChainInitiationObserver.onMessage(ChainInitiationObserver.java:121)
		at org.apache.cxf.transport.http.AbstractHTTPDestination.invoke(AbstractHTTPDestination.java:267)
		at org.apache.openejb.server.cxf.rs.CxfRsHttpListener.doInvoke(CxfRsHttpListener.java:262)
		at org.apache.tomee.webservices.CXFJAXRSFilter.doFilter(CXFJAXRSFilter.java:99)
		at org.apache.catalina.core.ApplicationFilterChain.internalDoFilter(ApplicationFilterChain.java:193)
		at org.apache.catalina.core.ApplicationFilterChain.doFilter(ApplicationFilterChain.java:166)
		at org.apache.tomcat.websocket.server.WsFilter.doFilter(WsFilter.java:53)
		at org.apache.catalina.core.ApplicationFilterChain.internalDoFilter(ApplicationFilterChain.java:193)
		at org.apache.catalina.core.ApplicationFilterChain.doFilter(ApplicationFilterChain.java:166)
		at org.apache.openejb.server.httpd.EEFilter.doFilter(EEFilter.java:65)
		at org.apache.catalina.core.ApplicationFilterChain.internalDoFilter(ApplicationFilterChain.java:193)
		at org.apache.catalina.core.ApplicationFilterChain.doFilter(ApplicationFilterChain.java:166)
		at org.apache.catalina.core.StandardWrapperValve.invoke(StandardWrapperValve.java:202)
		at org.apache.catalina.core.StandardContextValve.invoke(StandardContextValve.java:96)
		at org.apache.tomee.catalina.OpenEJBValve.invoke(OpenEJBValve.java:45)
		at org.apache.catalina.authenticator.AuthenticatorBase.invoke(AuthenticatorBase.java:541)
		at org.apache.catalina.core.StandardHostValve.invoke(StandardHostValve.java:139)
		at org.apache.catalina.valves.ErrorReportValve.invoke(ErrorReportValve.java:92)
		at org.apache.tomee.catalina.OpenEJBSecurityListener$RequestCapturer.invoke(OpenEJBSecurityListener.java:97)
		at org.apache.catalina.valves.AbstractAccessLogValve.invoke(AbstractAccessLogValve.java:690)
		at org.apache.catalina.core.StandardEngineValve.invoke(StandardEngineValve.java:74)
		at org.apache.catalina.connector.CoyoteAdapter.service(CoyoteAdapter.java:343)
		at org.apache.coyote.http11.Http11Processor.service(Http11Processor.java:373)
		at org.apache.coyote.AbstractProcessorLight.process(AbstractProcessorLight.java:65)
		at org.apache.coyote.AbstractProtocol$ConnectionHandler.process(AbstractProtocol.java:868)
		at org.apache.tomcat.util.net.NioEndpoint$SocketProcessor.doRun(NioEndpoint.java:1589)
		at org.apache.tomcat.util.net.SocketProcessorBase.run(SocketProcessorBase.java:49)
		at java.base/java.util.concurrent.ThreadPoolExecutor.runWorker(ThreadPoolExecutor.java:1130)
		at java.base/java.util.concurrent.ThreadPoolExecutor$Worker.run(ThreadPoolExecutor.java:630)
		at org.apache.tomcat.util.threads.TaskThread$WrappingRunnable.run(TaskThread.java:61)
		at java.base/java.lang.Thread.run(Thread.java:832)
	Caused by: java.lang.ClassCastException: class org.json.JSONArray cannot be cast to class java.util.ArrayList (org.json.JSONArray is in unnamed module of loader org.apache.tomee.catalina.TomEEWebappClassLoader @5ed60c48; java.util.ArrayList is in module java.base of loader 'bootstrap')
		at BookingInt.lineup(BookingInt.java:27)
		at java.base/jdk.internal.reflect.NativeMethodAccessorImpl.invoke0(Native Method)
		at java.base/jdk.internal.reflect.NativeMethodAccessorImpl.invoke(NativeMethodAccessorImpl.java:64)
		at java.base/jdk.internal.reflect.DelegatingMethodAccessorImpl.invoke(DelegatingMethodAccessorImpl.java:43)
		at java.base/java.lang.reflect.Method.invoke(Method.java:564)
		at org.apache.openejb.server.cxf.rs.PojoInvoker.performInvocation(PojoInvoker.java:43)
		at org.apache.cxf.service.invoker.AbstractInvoker.invoke(AbstractInvoker.java:96)
		... 37 more
03-Feb-2021 13:18:29.922 WARNING [Thread-16] com.sun.faces.config.ConfigureListener.contextDestroyed Unexpected state during contextDestroyed: no ConfigManager instance in current ServletContext but one is expected to exist.
03-Feb-2021 13:18:30.035 WARNING [Thread-16] org.apache.catalina.loader.WebappClassLoaderBase.clearReferencesJdbc The web application [CLupWAR] registered the JDBC driver [org.mariadb.jdbc.Driver] but failed to unregister it when the web application was stopped. To prevent a memory leak, the JDBC Driver has been forcibly unregistered.
03-Feb-2021 16:04:50.227 WARNING [Thread-16] com.sun.faces.config.ConfigureListener.contextDestroyed Unexpected state during contextDestroyed: no ConfigManager instance in current ServletContext but one is expected to exist.
03-Feb-2021 16:04:50.740 WARNING [Thread-16] org.apache.catalina.loader.WebappClassLoaderBase.clearReferencesJdbc The web application [CLupWAR] registered the JDBC driver [org.mariadb.jdbc.Driver] but failed to unregister it when the web application was stopped. To prevent a memory leak, the JDBC Driver has been forcibly unregistered.
03-Feb-2021 16:15:43.968 WARNING [Thread-16] com.sun.faces.config.ConfigureListener.contextDestroyed Unexpected state during contextDestroyed: no ConfigManager instance in current ServletContext but one is expected to exist.
03-Feb-2021 16:49:32.462 WARNING [Catalina-utility-1] com.sun.faces.config.ConfigureListener.contextDestroyed Unexpected state during contextDestroyed: no ConfigManager instance in current ServletContext but one is expected to exist.
03-Feb-2021 16:49:32.765 WARNING [Catalina-utility-1] org.apache.catalina.loader.WebappClassLoaderBase.clearReferencesJdbc The web application [CLup] registered the JDBC driver [org.mariadb.jdbc.Driver] but failed to unregister it when the web application was stopped. To prevent a memory leak, the JDBC Driver has been forcibly unregistered.
03-Feb-2021 16:50:07.635 SEVERE [http-nio-8080-exec-10] org.apache.openejb.core.transaction.EjbTransactionUtil.handleSystemException EjbTransactionUtil.handleSystemException: org/mariadb/jdbc/MariaDbResultSetMetaData$1
	java.lang.NoClassDefFoundError: org/mariadb/jdbc/MariaDbResultSetMetaData$1
		at org.mariadb.jdbc.MariaDbResultSetMetaData.getColumnType(MariaDbResultSetMetaData.java:247)
		at org.eclipse.persistence.internal.databaseaccess.DatabaseAccessor.getObject(DatabaseAccessor.java:1268)
		at org.eclipse.persistence.internal.databaseaccess.DatabaseAccessor.fetchRow(DatabaseAccessor.java:1083)
		at org.eclipse.persistence.internal.databaseaccess.DatabaseAccessor.processResultSet(DatabaseAccessor.java:775)
		at org.eclipse.persistence.internal.databaseaccess.DatabaseAccessor.basicExecuteCall(DatabaseAccessor.java:664)
		at org.eclipse.persistence.internal.databaseaccess.DatabaseAccessor.executeCall(DatabaseAccessor.java:567)
		at org.eclipse.persistence.internal.sessions.AbstractSession.basicExecuteCall(AbstractSession.java:2099)
		at org.eclipse.persistence.sessions.server.ServerSession.executeCall(ServerSession.java:603)
		at org.eclipse.persistence.internal.queries.DatasourceCallQueryMechanism.executeCall(DatasourceCallQueryMechanism.java:277)
		at org.eclipse.persistence.internal.queries.DatasourceCallQueryMechanism.executeCall(DatasourceCallQueryMechanism.java:263)
		at org.eclipse.persistence.internal.queries.DatasourceCallQueryMechanism.executeSelectCall(DatasourceCallQueryMechanism.java:334)
		at org.eclipse.persistence.internal.queries.DatasourceCallQueryMechanism.selectAllRows(DatasourceCallQueryMechanism.java:746)
		at org.eclipse.persistence.internal.queries.ExpressionQueryMechanism.selectAllRowsFromTable(ExpressionQueryMechanism.java:2759)
		at org.eclipse.persistence.internal.queries.ExpressionQueryMechanism.selectAllRows(ExpressionQueryMechanism.java:2712)
		at org.eclipse.persistence.queries.ReadAllQuery.executeObjectLevelReadQuery(ReadAllQuery.java:584)
		at org.eclipse.persistence.queries.ObjectLevelReadQuery.executeDatabaseQuery(ObjectLevelReadQuery.java:1232)
		at org.eclipse.persistence.queries.DatabaseQuery.execute(DatabaseQuery.java:911)
		at org.eclipse.persistence.queries.ObjectLevelReadQuery.execute(ObjectLevelReadQuery.java:1191)
		at org.eclipse.persistence.queries.ReadAllQuery.execute(ReadAllQuery.java:485)
		at org.eclipse.persistence.queries.ObjectLevelReadQuery.executeInUnitOfWork(ObjectLevelReadQuery.java:1279)
		at org.eclipse.persistence.internal.sessions.UnitOfWorkImpl.internalExecuteQuery(UnitOfWorkImpl.java:2983)
		at org.eclipse.persistence.internal.sessions.AbstractSession.executeQuery(AbstractSession.java:1898)
		at org.eclipse.persistence.internal.sessions.AbstractSession.executeQuery(AbstractSession.java:1880)
		at org.eclipse.persistence.internal.sessions.AbstractSession.executeQuery(AbstractSession.java:1845)
		at org.eclipse.persistence.internal.jpa.QueryImpl.executeReadQuery(QueryImpl.java:262)
		at org.eclipse.persistence.internal.jpa.QueryImpl.getResultList(QueryImpl.java:482)
		at it.polimi.se2.ricciosorrentinotriuzzi.components.DataModel.getAddressesByCity(DataModel.java:188)
		at java.base/jdk.internal.reflect.NativeMethodAccessorImpl.invoke0(Native Method)
		at java.base/jdk.internal.reflect.NativeMethodAccessorImpl.invoke(NativeMethodAccessorImpl.java:64)
		at java.base/jdk.internal.reflect.DelegatingMethodAccessorImpl.invoke(DelegatingMethodAccessorImpl.java:43)
		at java.base/java.lang.reflect.Method.invoke(Method.java:564)
		at org.apache.openejb.core.interceptor.ReflectionInvocationContext$Invocation.invoke(ReflectionInvocationContext.java:205)
		at org.apache.openejb.core.interceptor.ReflectionInvocationContext.proceed(ReflectionInvocationContext.java:186)
		at org.apache.openejb.monitoring.StatsInterceptor.record(StatsInterceptor.java:191)
		at org.apache.openejb.monitoring.StatsInterceptor.invoke(StatsInterceptor.java:102)
		at java.base/jdk.internal.reflect.NativeMethodAccessorImpl.invoke0(Native Method)
		at java.base/jdk.internal.reflect.NativeMethodAccessorImpl.invoke(NativeMethodAccessorImpl.java:64)
		at java.base/jdk.internal.reflect.DelegatingMethodAccessorImpl.invoke(DelegatingMethodAccessorImpl.java:43)
		at java.base/java.lang.reflect.Method.invoke(Method.java:564)
		at org.apache.openejb.core.interceptor.ReflectionInvocationContext$Invocation.invoke(ReflectionInvocationContext.java:205)
		at org.apache.openejb.core.interceptor.ReflectionInvocationContext.proceed(ReflectionInvocationContext.java:186)
		at org.apache.openejb.core.interceptor.InterceptorStack.invoke(InterceptorStack.java:85)
		at org.apache.openejb.core.stateless.StatelessContainer._invoke(StatelessContainer.java:252)
		at org.apache.openejb.core.stateless.StatelessContainer.invoke(StatelessContainer.java:212)
		at org.apache.openejb.core.ivm.EjbObjectProxyHandler.synchronizedBusinessMethod(EjbObjectProxyHandler.java:265)
		at org.apache.openejb.core.ivm.EjbObjectProxyHandler.businessMethod(EjbObjectProxyHandler.java:260)
		at org.apache.openejb.core.ivm.EjbObjectProxyHandler._invoke(EjbObjectProxyHandler.java:89)
		at org.apache.openejb.core.ivm.BaseEjbProxyHandler.invoke(BaseEjbProxyHandler.java:349)
		at it.polimi.se2.ricciosorrentinotriuzzi.components.DataModel$$LocalBeanProxy.getAddressesByCity(it/polimi/se2/ricciosorrentinotriuzzi/components/DataModel.java)
		at StoreStatusHandler.getChainsAndAutonomousStores(StoreStatusHandler.java:35)
		at java.base/jdk.internal.reflect.NativeMethodAccessorImpl.invoke0(Native Method)
		at java.base/jdk.internal.reflect.NativeMethodAccessorImpl.invoke(NativeMethodAccessorImpl.java:64)
		at java.base/jdk.internal.reflect.DelegatingMethodAccessorImpl.invoke(DelegatingMethodAccessorImpl.java:43)
		at java.base/java.lang.reflect.Method.invoke(Method.java:564)
		at org.apache.openejb.core.interceptor.ReflectionInvocationContext$Invocation.invoke(ReflectionInvocationContext.java:205)
		at org.apache.openejb.core.interceptor.ReflectionInvocationContext.proceed(ReflectionInvocationContext.java:186)
		at org.apache.openejb.monitoring.StatsInterceptor.record(StatsInterceptor.java:191)
		at org.apache.openejb.monitoring.StatsInterceptor.invoke(StatsInterceptor.java:102)
		at java.base/jdk.internal.reflect.NativeMethodAccessorImpl.invoke0(Native Method)
		at java.base/jdk.internal.reflect.NativeMethodAccessorImpl.invoke(NativeMethodAccessorImpl.java:64)
		at java.base/jdk.internal.reflect.DelegatingMethodAccessorImpl.invoke(DelegatingMethodAccessorImpl.java:43)
		at java.base/java.lang.reflect.Method.invoke(Method.java:564)
		at org.apache.openejb.core.interceptor.ReflectionInvocationContext$Invocation.invoke(ReflectionInvocationContext.java:205)
		at org.apache.openejb.core.interceptor.ReflectionInvocationContext.proceed(ReflectionInvocationContext.java:186)
		at org.apache.openejb.core.interceptor.InterceptorStack.invoke(InterceptorStack.java:85)
		at org.apache.openejb.core.stateless.StatelessContainer._invoke(StatelessContainer.java:252)
		at org.apache.openejb.core.stateless.StatelessContainer.invoke(StatelessContainer.java:212)
		at org.apache.openejb.core.ivm.EjbObjectProxyHandler.synchronizedBusinessMethod(EjbObjectProxyHandler.java:265)
		at org.apache.openejb.core.ivm.EjbObjectProxyHandler.businessMethod(EjbObjectProxyHandler.java:260)
		at org.apache.openejb.core.ivm.EjbObjectProxyHandler._invoke(EjbObjectProxyHandler.java:89)
		at org.apache.openejb.core.ivm.BaseEjbProxyHandler.invoke(BaseEjbProxyHandler.java:349)
		at StoreStatusHandler$$LocalBeanProxy.getChainsAndAutonomousStores(StoreStatusHandler.java)
		at StoreInfoInt.getChainsAndAutonomousStores(StoreInfoInt.java:37)
		at java.base/jdk.internal.reflect.NativeMethodAccessorImpl.invoke0(Native Method)
		at java.base/jdk.internal.reflect.NativeMethodAccessorImpl.invoke(NativeMethodAccessorImpl.java:64)
		at java.base/jdk.internal.reflect.DelegatingMethodAccessorImpl.invoke(DelegatingMethodAccessorImpl.java:43)
		at java.base/java.lang.reflect.Method.invoke(Method.java:564)
		at org.apache.openejb.server.cxf.rs.PojoInvoker.performInvocation(PojoInvoker.java:43)
		at org.apache.cxf.service.invoker.AbstractInvoker.invoke(AbstractInvoker.java:96)
		at org.apache.cxf.jaxrs.JAXRSInvoker.invoke(JAXRSInvoker.java:201)
		at org.apache.cxf.jaxrs.JAXRSInvoker.invoke(JAXRSInvoker.java:104)
		at org.apache.openejb.server.cxf.rs.AutoJAXRSInvoker.invoke(AutoJAXRSInvoker.java:68)
		at org.apache.cxf.interceptor.ServiceInvokerInterceptor$1.run(ServiceInvokerInterceptor.java:59)
		at org.apache.cxf.interceptor.ServiceInvokerInterceptor.handleMessage(ServiceInvokerInterceptor.java:96)
		at org.apache.cxf.phase.PhaseInterceptorChain.doIntercept(PhaseInterceptorChain.java:308)
		at org.apache.cxf.transport.ChainInitiationObserver.onMessage(ChainInitiationObserver.java:121)
		at org.apache.cxf.transport.http.AbstractHTTPDestination.invoke(AbstractHTTPDestination.java:267)
		at org.apache.openejb.server.cxf.rs.CxfRsHttpListener.doInvoke(CxfRsHttpListener.java:262)
		at org.apache.tomee.webservices.CXFJAXRSFilter.doFilter(CXFJAXRSFilter.java:99)
		at org.apache.catalina.core.ApplicationFilterChain.internalDoFilter(ApplicationFilterChain.java:193)
		at org.apache.catalina.core.ApplicationFilterChain.doFilter(ApplicationFilterChain.java:166)
		at org.apache.tomcat.websocket.server.WsFilter.doFilter(WsFilter.java:53)
		at org.apache.catalina.core.ApplicationFilterChain.internalDoFilter(ApplicationFilterChain.java:193)
		at org.apache.catalina.core.ApplicationFilterChain.doFilter(ApplicationFilterChain.java:166)
		at org.apache.openejb.server.httpd.EEFilter.doFilter(EEFilter.java:65)
		at org.apache.catalina.core.ApplicationFilterChain.internalDoFilter(ApplicationFilterChain.java:193)
		at org.apache.catalina.core.ApplicationFilterChain.doFilter(ApplicationFilterChain.java:166)
		at org.apache.catalina.core.StandardWrapperValve.invoke(StandardWrapperValve.java:202)
		at org.apache.catalina.core.StandardContextValve.invoke(StandardContextValve.java:96)
		at org.apache.tomee.catalina.OpenEJBValve.invoke(OpenEJBValve.java:45)
		at org.apache.catalina.authenticator.AuthenticatorBase.invoke(AuthenticatorBase.java:541)
		at org.apache.catalina.core.StandardHostValve.invoke(StandardHostValve.java:139)
		at org.apache.catalina.valves.ErrorReportValve.invoke(ErrorReportValve.java:92)
		at org.apache.tomee.catalina.OpenEJBSecurityListener$RequestCapturer.invoke(OpenEJBSecurityListener.java:97)
		at org.apache.catalina.valves.AbstractAccessLogValve.invoke(AbstractAccessLogValve.java:690)
		at org.apache.catalina.core.StandardEngineValve.invoke(StandardEngineValve.java:74)
		at org.apache.catalina.connector.CoyoteAdapter.service(CoyoteAdapter.java:343)
		at org.apache.coyote.http11.Http11Processor.service(Http11Processor.java:373)
		at org.apache.coyote.AbstractProcessorLight.process(AbstractProcessorLight.java:65)
		at org.apache.coyote.AbstractProtocol$ConnectionHandler.process(AbstractProtocol.java:868)
		at org.apache.tomcat.util.net.NioEndpoint$SocketProcessor.doRun(NioEndpoint.java:1589)
		at org.apache.tomcat.util.net.SocketProcessorBase.run(SocketProcessorBase.java:49)
		at java.base/java.util.concurrent.ThreadPoolExecutor.runWorker(ThreadPoolExecutor.java:1130)
		at java.base/java.util.concurrent.ThreadPoolExecutor$Worker.run(ThreadPoolExecutor.java:630)
		at org.apache.tomcat.util.threads.TaskThread$WrappingRunnable.run(TaskThread.java:61)
		at java.base/java.lang.Thread.run(Thread.java:832)
	Caused by: java.lang.ClassNotFoundException: Illegal access: this web application instance has been stopped already. Could not load [org.mariadb.jdbc.MariaDbResultSetMetaData$1]. The following stack trace is thrown for debugging purposes as well as to attempt to terminate the thread which caused the illegal access.
		at org.apache.catalina.loader.WebappClassLoaderBase.checkStateForClassLoading(WebappClassLoaderBase.java:1375)
		at org.apache.catalina.loader.WebappClassLoaderBase.loadClass(WebappClassLoaderBase.java:1226)
		at org.apache.tomee.catalina.TomEEWebappClassLoader.loadClass(TomEEWebappClassLoader.java:209)
		at org.apache.catalina.loader.WebappClassLoaderBase.loadClass(WebappClassLoaderBase.java:1188)
		... 116 more
	Caused by: java.lang.IllegalStateException: Illegal access: this web application instance has been stopped already. Could not load [org.mariadb.jdbc.MariaDbResultSetMetaData$1]. The following stack trace is thrown for debugging purposes as well as to attempt to terminate the thread which caused the illegal access.
		at org.apache.catalina.loader.WebappClassLoaderBase.checkStateForResourceLoading(WebappClassLoaderBase.java:1385)
		at org.apache.catalina.loader.WebappClassLoaderBase.checkStateForClassLoading(WebappClassLoaderBase.java:1373)
		... 119 more
03-Feb-2021 16:50:07.639 SEVERE [http-nio-8080-exec-10] org.apache.openejb.core.transaction.EjbTransactionUtil.handleSystemException EjbTransactionUtil.handleSystemException: The transaction has been marked rollback only because the bean encountered a non-application exception :java.lang.NoClassDefFoundError : org/mariadb/jdbc/MariaDbResultSetMetaData$1
	javax.ejb.EJBTransactionRolledbackException: The transaction has been marked rollback only because the bean encountered a non-application exception :java.lang.NoClassDefFoundError : org/mariadb/jdbc/MariaDbResultSetMetaData$1
		at org.apache.openejb.core.ivm.BaseEjbProxyHandler.convertException(BaseEjbProxyHandler.java:422)
		at org.apache.openejb.core.ivm.BaseEjbProxyHandler.invoke(BaseEjbProxyHandler.java:353)
		at it.polimi.se2.ricciosorrentinotriuzzi.components.DataModel$$LocalBeanProxy.getAddressesByCity(it/polimi/se2/ricciosorrentinotriuzzi/components/DataModel.java)
		at StoreStatusHandler.getChainsAndAutonomousStores(StoreStatusHandler.java:35)
		at java.base/jdk.internal.reflect.NativeMethodAccessorImpl.invoke0(Native Method)
		at java.base/jdk.internal.reflect.NativeMethodAccessorImpl.invoke(NativeMethodAccessorImpl.java:64)
		at java.base/jdk.internal.reflect.DelegatingMethodAccessorImpl.invoke(DelegatingMethodAccessorImpl.java:43)
		at java.base/java.lang.reflect.Method.invoke(Method.java:564)
		at org.apache.openejb.core.interceptor.ReflectionInvocationContext$Invocation.invoke(ReflectionInvocationContext.java:205)
		at org.apache.openejb.core.interceptor.ReflectionInvocationContext.proceed(ReflectionInvocationContext.java:186)
		at org.apache.openejb.monitoring.StatsInterceptor.record(StatsInterceptor.java:191)
		at org.apache.openejb.monitoring.StatsInterceptor.invoke(StatsInterceptor.java:102)
		at java.base/jdk.internal.reflect.NativeMethodAccessorImpl.invoke0(Native Method)
		at java.base/jdk.internal.reflect.NativeMethodAccessorImpl.invoke(NativeMethodAccessorImpl.java:64)
		at java.base/jdk.internal.reflect.DelegatingMethodAccessorImpl.invoke(DelegatingMethodAccessorImpl.java:43)
		at java.base/java.lang.reflect.Method.invoke(Method.java:564)
		at org.apache.openejb.core.interceptor.ReflectionInvocationContext$Invocation.invoke(ReflectionInvocationContext.java:205)
		at org.apache.openejb.core.interceptor.ReflectionInvocationContext.proceed(ReflectionInvocationContext.java:186)
		at org.apache.openejb.core.interceptor.InterceptorStack.invoke(InterceptorStack.java:85)
		at org.apache.openejb.core.stateless.StatelessContainer._invoke(StatelessContainer.java:252)
		at org.apache.openejb.core.stateless.StatelessContainer.invoke(StatelessContainer.java:212)
		at org.apache.openejb.core.ivm.EjbObjectProxyHandler.synchronizedBusinessMethod(EjbObjectProxyHandler.java:265)
		at org.apache.openejb.core.ivm.EjbObjectProxyHandler.businessMethod(EjbObjectProxyHandler.java:260)
		at org.apache.openejb.core.ivm.EjbObjectProxyHandler._invoke(EjbObjectProxyHandler.java:89)
		at org.apache.openejb.core.ivm.BaseEjbProxyHandler.invoke(BaseEjbProxyHandler.java:349)
		at StoreStatusHandler$$LocalBeanProxy.getChainsAndAutonomousStores(StoreStatusHandler.java)
		at StoreInfoInt.getChainsAndAutonomousStores(StoreInfoInt.java:37)
		at java.base/jdk.internal.reflect.NativeMethodAccessorImpl.invoke0(Native Method)
		at java.base/jdk.internal.reflect.NativeMethodAccessorImpl.invoke(NativeMethodAccessorImpl.java:64)
		at java.base/jdk.internal.reflect.DelegatingMethodAccessorImpl.invoke(DelegatingMethodAccessorImpl.java:43)
		at java.base/java.lang.reflect.Method.invoke(Method.java:564)
		at org.apache.openejb.server.cxf.rs.PojoInvoker.performInvocation(PojoInvoker.java:43)
		at org.apache.cxf.service.invoker.AbstractInvoker.invoke(AbstractInvoker.java:96)
		at org.apache.cxf.jaxrs.JAXRSInvoker.invoke(JAXRSInvoker.java:201)
		at org.apache.cxf.jaxrs.JAXRSInvoker.invoke(JAXRSInvoker.java:104)
		at org.apache.openejb.server.cxf.rs.AutoJAXRSInvoker.invoke(AutoJAXRSInvoker.java:68)
		at org.apache.cxf.interceptor.ServiceInvokerInterceptor$1.run(ServiceInvokerInterceptor.java:59)
		at org.apache.cxf.interceptor.ServiceInvokerInterceptor.handleMessage(ServiceInvokerInterceptor.java:96)
		at org.apache.cxf.phase.PhaseInterceptorChain.doIntercept(PhaseInterceptorChain.java:308)
		at org.apache.cxf.transport.ChainInitiationObserver.onMessage(ChainInitiationObserver.java:121)
		at org.apache.cxf.transport.http.AbstractHTTPDestination.invoke(AbstractHTTPDestination.java:267)
		at org.apache.openejb.server.cxf.rs.CxfRsHttpListener.doInvoke(CxfRsHttpListener.java:262)
		at org.apache.tomee.webservices.CXFJAXRSFilter.doFilter(CXFJAXRSFilter.java:99)
		at org.apache.catalina.core.ApplicationFilterChain.internalDoFilter(ApplicationFilterChain.java:193)
		at org.apache.catalina.core.ApplicationFilterChain.doFilter(ApplicationFilterChain.java:166)
		at org.apache.tomcat.websocket.server.WsFilter.doFilter(WsFilter.java:53)
		at org.apache.catalina.core.ApplicationFilterChain.internalDoFilter(ApplicationFilterChain.java:193)
		at org.apache.catalina.core.ApplicationFilterChain.doFilter(ApplicationFilterChain.java:166)
		at org.apache.openejb.server.httpd.EEFilter.doFilter(EEFilter.java:65)
		at org.apache.catalina.core.ApplicationFilterChain.internalDoFilter(ApplicationFilterChain.java:193)
		at org.apache.catalina.core.ApplicationFilterChain.doFilter(ApplicationFilterChain.java:166)
		at org.apache.catalina.core.StandardWrapperValve.invoke(StandardWrapperValve.java:202)
		at org.apache.catalina.core.StandardContextValve.invoke(StandardContextValve.java:96)
		at org.apache.tomee.catalina.OpenEJBValve.invoke(OpenEJBValve.java:45)
		at org.apache.catalina.authenticator.AuthenticatorBase.invoke(AuthenticatorBase.java:541)
		at org.apache.catalina.core.StandardHostValve.invoke(StandardHostValve.java:139)
		at org.apache.catalina.valves.ErrorReportValve.invoke(ErrorReportValve.java:92)
		at org.apache.tomee.catalina.OpenEJBSecurityListener$RequestCapturer.invoke(OpenEJBSecurityListener.java:97)
		at org.apache.catalina.valves.AbstractAccessLogValve.invoke(AbstractAccessLogValve.java:690)
		at org.apache.catalina.core.StandardEngineValve.invoke(StandardEngineValve.java:74)
		at org.apache.catalina.connector.CoyoteAdapter.service(CoyoteAdapter.java:343)
		at org.apache.coyote.http11.Http11Processor.service(Http11Processor.java:373)
		at org.apache.coyote.AbstractProcessorLight.process(AbstractProcessorLight.java:65)
		at org.apache.coyote.AbstractProtocol$ConnectionHandler.process(AbstractProtocol.java:868)
		at org.apache.tomcat.util.net.NioEndpoint$SocketProcessor.doRun(NioEndpoint.java:1589)
		at org.apache.tomcat.util.net.SocketProcessorBase.run(SocketProcessorBase.java:49)
		at java.base/java.util.concurrent.ThreadPoolExecutor.runWorker(ThreadPoolExecutor.java:1130)
		at java.base/java.util.concurrent.ThreadPoolExecutor$Worker.run(ThreadPoolExecutor.java:630)
		at org.apache.tomcat.util.threads.TaskThread$WrappingRunnable.run(TaskThread.java:61)
		at java.base/java.lang.Thread.run(Thread.java:832)
	Caused by: java.lang.NoClassDefFoundError: org/mariadb/jdbc/MariaDbResultSetMetaData$1
		at org.mariadb.jdbc.MariaDbResultSetMetaData.getColumnType(MariaDbResultSetMetaData.java:247)
		at org.eclipse.persistence.internal.databaseaccess.DatabaseAccessor.getObject(DatabaseAccessor.java:1268)
		at org.eclipse.persistence.internal.databaseaccess.DatabaseAccessor.fetchRow(DatabaseAccessor.java:1083)
		at org.eclipse.persistence.internal.databaseaccess.DatabaseAccessor.processResultSet(DatabaseAccessor.java:775)
		at org.eclipse.persistence.internal.databaseaccess.DatabaseAccessor.basicExecuteCall(DatabaseAccessor.java:664)
		at org.eclipse.persistence.internal.databaseaccess.DatabaseAccessor.executeCall(DatabaseAccessor.java:567)
		at org.eclipse.persistence.internal.sessions.AbstractSession.basicExecuteCall(AbstractSession.java:2099)
		at org.eclipse.persistence.sessions.server.ServerSession.executeCall(ServerSession.java:603)
		at org.eclipse.persistence.internal.queries.DatasourceCallQueryMechanism.executeCall(DatasourceCallQueryMechanism.java:277)
		at org.eclipse.persistence.internal.queries.DatasourceCallQueryMechanism.executeCall(DatasourceCallQueryMechanism.java:263)
		at org.eclipse.persistence.internal.queries.DatasourceCallQueryMechanism.executeSelectCall(DatasourceCallQueryMechanism.java:334)
		at org.eclipse.persistence.internal.queries.DatasourceCallQueryMechanism.selectAllRows(DatasourceCallQueryMechanism.java:746)
		at org.eclipse.persistence.internal.queries.ExpressionQueryMechanism.selectAllRowsFromTable(ExpressionQueryMechanism.java:2759)
		at org.eclipse.persistence.internal.queries.ExpressionQueryMechanism.selectAllRows(ExpressionQueryMechanism.java:2712)
		at org.eclipse.persistence.queries.ReadAllQuery.executeObjectLevelReadQuery(ReadAllQuery.java:584)
		at org.eclipse.persistence.queries.ObjectLevelReadQuery.executeDatabaseQuery(ObjectLevelReadQuery.java:1232)
		at org.eclipse.persistence.queries.DatabaseQuery.execute(DatabaseQuery.java:911)
		at org.eclipse.persistence.queries.ObjectLevelReadQuery.execute(ObjectLevelReadQuery.java:1191)
		at org.eclipse.persistence.queries.ReadAllQuery.execute(ReadAllQuery.java:485)
		at org.eclipse.persistence.queries.ObjectLevelReadQuery.executeInUnitOfWork(ObjectLevelReadQuery.java:1279)
		at org.eclipse.persistence.internal.sessions.UnitOfWorkImpl.internalExecuteQuery(UnitOfWorkImpl.java:2983)
		at org.eclipse.persistence.internal.sessions.AbstractSession.executeQuery(AbstractSession.java:1898)
		at org.eclipse.persistence.internal.sessions.AbstractSession.executeQuery(AbstractSession.java:1880)
		at org.eclipse.persistence.internal.sessions.AbstractSession.executeQuery(AbstractSession.java:1845)
		at org.eclipse.persistence.internal.jpa.QueryImpl.executeReadQuery(QueryImpl.java:262)
		at org.eclipse.persistence.internal.jpa.QueryImpl.getResultList(QueryImpl.java:482)
		at it.polimi.se2.ricciosorrentinotriuzzi.components.DataModel.getAddressesByCity(DataModel.java:188)
		at java.base/jdk.internal.reflect.NativeMethodAccessorImpl.invoke0(Native Method)
		at java.base/jdk.internal.reflect.NativeMethodAccessorImpl.invoke(NativeMethodAccessorImpl.java:64)
		at java.base/jdk.internal.reflect.DelegatingMethodAccessorImpl.invoke(DelegatingMethodAccessorImpl.java:43)
		at java.base/java.lang.reflect.Method.invoke(Method.java:564)
		at org.apache.openejb.core.interceptor.ReflectionInvocationContext$Invocation.invoke(ReflectionInvocationContext.java:205)
		at org.apache.openejb.core.interceptor.ReflectionInvocationContext.proceed(ReflectionInvocationContext.java:186)
		at org.apache.openejb.monitoring.StatsInterceptor.record(StatsInterceptor.java:191)
		at org.apache.openejb.monitoring.StatsInterceptor.invoke(StatsInterceptor.java:102)
		at java.base/jdk.internal.reflect.NativeMethodAccessorImpl.invoke0(Native Method)
		at java.base/jdk.internal.reflect.NativeMethodAccessorImpl.invoke(NativeMethodAccessorImpl.java:64)
		at java.base/jdk.internal.reflect.DelegatingMethodAccessorImpl.invoke(DelegatingMethodAccessorImpl.java:43)
		at java.base/java.lang.reflect.Method.invoke(Method.java:564)
		at org.apache.openejb.core.interceptor.ReflectionInvocationContext$Invocation.invoke(ReflectionInvocationContext.java:205)
		at org.apache.openejb.core.interceptor.ReflectionInvocationContext.proceed(ReflectionInvocationContext.java:186)
		at org.apache.openejb.core.interceptor.InterceptorStack.invoke(InterceptorStack.java:85)
		at org.apache.openejb.core.stateless.StatelessContainer._invoke(StatelessContainer.java:252)
		at org.apache.openejb.core.stateless.StatelessContainer.invoke(StatelessContainer.java:212)
		at org.apache.openejb.core.ivm.EjbObjectProxyHandler.synchronizedBusinessMethod(EjbObjectProxyHandler.java:265)
		at org.apache.openejb.core.ivm.EjbObjectProxyHandler.businessMethod(EjbObjectProxyHandler.java:260)
		at org.apache.openejb.core.ivm.EjbObjectProxyHandler._invoke(EjbObjectProxyHandler.java:89)
		at org.apache.openejb.core.ivm.BaseEjbProxyHandler.invoke(BaseEjbProxyHandler.java:349)
		... 68 more
	Caused by: java.lang.ClassNotFoundException: Illegal access: this web application instance has been stopped already. Could not load [org.mariadb.jdbc.MariaDbResultSetMetaData$1]. The following stack trace is thrown for debugging purposes as well as to attempt to terminate the thread which caused the illegal access.
		at org.apache.catalina.loader.WebappClassLoaderBase.checkStateForClassLoading(WebappClassLoaderBase.java:1375)
		at org.apache.catalina.loader.WebappClassLoaderBase.loadClass(WebappClassLoaderBase.java:1226)
		at org.apache.tomee.catalina.TomEEWebappClassLoader.loadClass(TomEEWebappClassLoader.java:209)
		at org.apache.catalina.loader.WebappClassLoaderBase.loadClass(WebappClassLoaderBase.java:1188)
		... 116 more
	Caused by: java.lang.IllegalStateException: Illegal access: this web application instance has been stopped already. Could not load [org.mariadb.jdbc.MariaDbResultSetMetaData$1]. The following stack trace is thrown for debugging purposes as well as to attempt to terminate the thread which caused the illegal access.
		at org.apache.catalina.loader.WebappClassLoaderBase.checkStateForResourceLoading(WebappClassLoaderBase.java:1385)
		at org.apache.catalina.loader.WebappClassLoaderBase.checkStateForClassLoading(WebappClassLoaderBase.java:1373)
		... 119 more
